<?xml version="1.0" encoding="UTF-8"?>
<!-- Generated by org.testng.reporters.JUnitXMLReporter -->
<testsuite hostname="DESKTOP-2IQ0BS4" ignored="0" name="Test" tests="6" failures="0" timestamp="2020-08-28T13:14:31 IST" time="0.078" errors="0">
  <testcase name="BrowserAutomation" time="0.0" classname="MavenDemoProject.MavenJava.SeleniumTest"/>
  <testcase name="ElementsUI" time="0.0" classname="MavenDemoProject.MavenJava.SeleniumTest"/>
  <testcase name="DeleteTwitter" time="0.0" classname="MavenDemoProject.MavenJava.RestAPITest"/>
  <testcase name="PostJira" time="0.0" classname="MavenDemoProject.MavenJava.RestAPITest"/>
  <testcase name="IOSApp" time="0.0" classname="MavenDemoProject.MavenJava.AppiumNewTest"/>
  <testcase name="NativeAppAndroid" time="0.0" classname="MavenDemoProject.MavenJava.AppiumNewTest"/>
</testsuite> <!-- Test -->
