<?xml version="1.0" encoding="UTF-8"?>
<testsuite xmlns:xsi="http://www.w3.org/2001/XMLSchema-instance" xsi:noNamespaceSchemaLocation="https://maven.apache.org/surefire/maven-surefire-plugin/xsd/surefire-test-report-3.0.xsd" version="3.0" name="MavenDemoProject.MavenJava.AppiumNewTest" time="0.682" tests="2" errors="0" skipped="0" failures="0">
  <properties>
[...]
</properties>
  <testcase name="IOSApp" classname="MavenDemoProject.MavenJava.AppiumNewTest" time="0.024">
    <system-out><![CDATA[IOSAPP
]]></system-out>
  </testcase>
  <testcase name="NativeAppAndroid" classname="MavenDemoProject.MavenJava.AppiumNewTest" time="0">
    <system-out><![CDATA[NativeAppAndroid
]]></system-out>
  </testcase>
</testsuite>